<?xml version="1.0" encoding="UTF-8"?>
<!-- Generated by org.testng.reporters.JUnitReportReporter -->
<testsuite hostname="Saurabhs-MacBook-Pro.local" failures="0" tests="2" name="org.example.AppTest" time="0.013" errors="0" timestamp="2023-03-29T10:45:51 IST" skipped="0">
  <testcase classname="org.example.AppTest" name="testcase2_login" time="0.000"/>
  <system-out/>
  <testcase classname="org.example.AppTest" name="testcase1_login" time="0.013"/>
  <system-out/>
</testsuite> <!-- org.example.AppTest -->
